<?xml version="1.0" encoding="UTF-8"?>
<testng-results ignored="0" total="1" passed="1" failed="0" skipped="0">
  <reporter-output>
  </reporter-output>
  <suite started-at="2021-12-29T04:02:01 EET" name="Surefire suite" finished-at="2021-12-29T04:02:01 EET" duration-ms="74">
    <groups>
    </groups>
    <test started-at="2021-12-29T04:02:01 EET" name="Surefire test" finished-at="2021-12-29T04:02:01 EET" duration-ms="74">
      <class name="com.example.AppTest">
        <test-method signature="shouldAnswerWithTrue()" started-at="2021-12-29T04:02:01 EET" name="shouldAnswerWithTrue" finished-at="2021-12-29T04:02:01 EET" duration-ms="8" status="PASS">
          <reporter-output>
          </reporter-output>
        </test-method> <!-- shouldAnswerWithTrue -->
      </class> <!-- com.example.AppTest -->
    </test> <!-- Surefire test -->
  </suite> <!-- Surefire suite -->
</testng-results>
